#
# There is insufficient memory for the Java Runtime Environment to continue.
# Native memory allocation (malloc) failed to allocate 1373456 bytes for Chunk::new
# Possible reasons:
#   The system is out of physical RAM or swap space
#   The process is running with CompressedOops enabled, and the Java Heap may be blocking the growth of the native heap
# Possible solutions:
#   Reduce memory load on the system
#   Increase physical memory or swap space
#   Check if swap backing store is full
#   Decrease Java heap size (-Xmx/-Xms)
#   Decrease number of Java threads
#   Decrease Java thread stack sizes (-Xss)
#   Set larger code cache with -XX:ReservedCodeCacheSize=
#   JVM is running with Unscaled Compressed Oops mode in which the Java heap is
#     placed in the first 4GB address space. The Java Heap base address is the
#     maximum limit for the native heap growth. Please use -XX:HeapBaseMinAddress
#     to set the Java Heap base and to place the Java Heap above 4GB virtual address.
# This output file may be truncated or incomplete.
#
#  Out of Memory Error (allocation.cpp:389), pid=9556, tid=0x0000000000000fb4
#
# JRE version: OpenJDK Runtime Environment (8.0_202-b03) (build 1.8.0_202-release-1483-b03)
# Java VM: OpenJDK 64-Bit Server VM (25.202-b03 mixed mode windows-amd64 compressed oops)
# Failed to write core dump. Minidumps are not enabled by default on client versions of Windows
#

---------------  T H R E A D  ---------------

Current thread (0x0000000016ddd800):  JavaThread "C2 CompilerThread1" daemon [_thread_in_native, id=4020, stack(0x00000000188e0000,0x00000000189e0000)]

Stack: [0x00000000188e0000,0x00000000189e0000]
[error occurred during error reporting (printing stack bounds), id 0xc0000005]

Native frames: (J=compiled Java code, j=interpreted, Vv=VM code, C=native code)


Current CompileTask:
C2:10620781 22560       4       org.gradle.execution.plan.DefaultExecutionPlan::selectNext (222 bytes)


---------------  P R O C E S S  ---------------

Java Threads: ( => current thread )
  0x000000001a39c800 JavaThread "WorkerExecutor Queue Thread 2" [_thread_blocked, id=3636, stack(0x0000000027610000,0x0000000027710000)]
  0x000000001a397000 JavaThread "WorkerExecutor Queue" [_thread_in_native, id=9828, stack(0x0000000027100000,0x0000000027200000)]
  0x000000001a398000 JavaThread "Cache worker for execution history cache (C:\Users\Admin\AndroidStudioProjects\Proposito\.gradle\5.4.1\executionHistory)" [_thread_blocked, id=7272, stack(0x0000000025c90000,0x0000000025d90000)]
  0x000000001a395000 JavaThread "Execution worker for ':' Thread 3" [_thread_blocked, id=5892, stack(0x0000000025890000,0x0000000025990000)]
  0x000000001a396800 JavaThread "Execution worker for ':' Thread 2" [_thread_blocked, id=9468, stack(0x0000000024470000,0x0000000024570000)]
  0x000000001a39b800 JavaThread "Execution worker for ':'" [_thread_blocked, id=5236, stack(0x0000000023970000,0x0000000023a70000)]
  0x000000001a398800 JavaThread "Cache worker for file content cache (C:\Users\Admin\AndroidStudioProjects\Proposito\.gradle\5.4.1\fileContent)" [_thread_blocked, id=9472, stack(0x0000000023070000,0x0000000023170000)]
  0x000000001a39b000 JavaThread "Cache worker for Build Output Cleanup Cache (C:\Users\Admin\AndroidStudioProjects\Proposito\.gradle\buildOutputCleanup)" [_thread_blocked, id=2608, stack(0x0000000022f70000,0x0000000023070000)]
  0x000000001a39a000 JavaThread "pool-28-thread-1" [_thread_blocked, id=7308, stack(0x0000000022a70000,0x0000000022b70000)]
  0x000000001f5e7000 JavaThread "Build operations Thread 4" [_thread_blocked, id=8280, stack(0x0000000022770000,0x0000000022870000)]
  0x000000001f5e6000 JavaThread "Build operations Thread 3" [_thread_blocked, id=9364, stack(0x0000000022270000,0x0000000022370000)]
  0x000000001f5e5800 JavaThread "Build operations Thread 2" [_thread_blocked, id=2404, stack(0x0000000022170000,0x0000000022270000)]
  0x000000001f5e4800 JavaThread "Build operations" [_thread_blocked, id=2084, stack(0x0000000022070000,0x0000000022170000)]
  0x000000001f5e4000 JavaThread "Cache worker for cache directory md-rule (C:\Users\Admin\.gradle\caches\5.4.1\md-rule)" [_thread_blocked, id=5788, stack(0x0000000021f70000,0x0000000022070000)]
  0x000000001f5e3000 JavaThread "Cache worker for cache directory md-supplier (C:\Users\Admin\.gradle\caches\5.4.1\md-supplier)" [_thread_blocked, id=7736, stack(0x000000001eda0000,0x000000001eea0000)]
  0x000000001f5da000 JavaThread "Cache worker for file hash cache (C:\Users\Admin\AndroidStudioProjects\Proposito\.gradle\5.4.1\fileHashes)" [_thread_blocked, id=3516, stack(0x000000001b630000,0x000000001b730000)]
  0x000000001f5e0800 JavaThread "Thread-282" [_thread_blocked, id=3240, stack(0x000000001b530000,0x000000001b630000)]
  0x000000001f5da800 JavaThread "Stdin handler" [_thread_blocked, id=7900, stack(0x000000001b430000,0x000000001b530000)]
  0x000000001f5de800 JavaThread "Asynchronous log dispatcher for DefaultDaemonConnection: socket connection from /127.0.0.1:54227 to /127.0.0.1:55273" [_thread_blocked, id=8200, stack(0x000000001b330000,0x000000001b430000)]
  0x000000001f5dc000 JavaThread "Daemon worker Thread 11" [_thread_blocked, id=9716, stack(0x000000001b230000,0x000000001b330000)]
  0x000000001f5dd800 JavaThread "Cancel handler" [_thread_blocked, id=9936, stack(0x000000001af30000,0x000000001b030000)]
  0x000000001f5e0000 JavaThread "Handler for socket connection from /127.0.0.1:54227 to /127.0.0.1:55273" [_thread_in_native, id=3928, stack(0x000000001ae30000,0x000000001af30000)]
  0x000000001f5d8800 JavaThread "Daemon Thread 11" [_thread_blocked, id=2016, stack(0x0000000001730000,0x0000000001830000)]
  0x0000000019e6b000 JavaThread "Cache worker for Java compile cache (C:\Users\Admin\.gradle\caches\5.4.1\javaCompile)" [_thread_blocked, id=2848, stack(0x0000000025b90000,0x0000000025c90000)]
  0x000000001f5db800 JavaThread "Cache worker for file content cache (C:\Users\Admin\.gradle\caches\5.4.1\fileContent)" [_thread_blocked, id=7448, stack(0x0000000023870000,0x0000000023970000)]
  0x000000001f5e2000 JavaThread "Memory manager" [_thread_blocked, id=5440, stack(0x0000000023770000,0x0000000023870000)]
  0x000000001f5df000 JavaThread "Cache worker for execution history cache (C:\Users\Admin\.gradle\caches\5.4.1\executionHistory)" [_thread_blocked, id=9920, stack(0x0000000021c70000,0x0000000021d70000)]
  0x00000000185f4000 JavaThread "Cache worker for journal cache (C:\Users\Admin\.gradle\caches\journal-1)" [_thread_blocked, id=2392, stack(0x000000001bb30000,0x000000001bc30000)]
  0x00000000185f5800 JavaThread "File lock request listener" [_thread_in_native, id=3568, stack(0x000000001b830000,0x000000001b930000)]
  0x00000000185f1000 JavaThread "Cache worker for file hash cache (C:\Users\Admin\.gradle\caches\5.4.1\fileHashes)" [_thread_blocked, id=4004, stack(0x000000001b730000,0x000000001b830000)]
  0x00000000187cd000 JavaThread "Daemon periodic checks" [_thread_blocked, id=2028, stack(0x000000001ad30000,0x000000001ae30000)]
  0x000000001856d000 JavaThread "Incoming local TCP Connector on port 54227" [_thread_in_native, id=8124, stack(0x000000001aaf0000,0x000000001abf0000)]
  0x0000000019a60800 JavaThread "Daemon health stats" [_thread_blocked, id=8020, stack(0x000000001a4b0000,0x000000001a5b0000)]
  0x00000000184e7800 JavaThread "Service Thread" daemon [_thread_blocked, id=4576, stack(0x0000000018ae0000,0x0000000018be0000)]
  0x00000000184e2800 JavaThread "C1 CompilerThread2" daemon [_thread_blocked, id=1068, stack(0x00000000189e0000,0x0000000018ae0000)]
=>0x0000000016ddd800 JavaThread "C2 CompilerThread1" daemon [_thread_in_native, id=4020, stack(0x00000000188e0000,0x00000000189e0000)]
  0x0000000016d7e800 JavaThread "C2 CompilerThread0" daemon [_thread_in_native, id=7864, stack(0x00000000183e0000,0x00000000184e0000)]
  0x0000000016d7b800 JavaThread "Attach Listener" daemon [_thread_blocked, id=6584, stack(0x00000000182e0000,0x00000000183e0000)]
  0x0000000016d7a000 JavaThread "Signal Dispatcher" daemon [_thread_blocked, id=9820, stack(0x00000000181e0000,0x00000000182e0000)]
  0x0000000001eec000 JavaThread "Finalizer" daemon [_thread_blocked, id=7784, stack(0x0000000017fe0000,0x00000000180e0000)]
  0x0000000016d69000 JavaThread "Reference Handler" daemon [_thread_blocked, id=7008, stack(0x0000000017ee0000,0x0000000017fe0000)]
  0x0000000001c5e800 JavaThread "main" [_thread_blocked, id=8028, stack(0x0000000001c60000,0x0000000001d60000)]

Other Threads:
  0x0000000016d47000 VMThread [stack: 0x0000000017de0000,0x0000000017ee0000] [id=6224]
  0x00000000184e8800 WatcherThread [stack: 0x0000000018be0000,0x0000000018ce0000] [id=3844]

VM state:not at safepoint (normal execution)

VM Mutex/Monitor currently owned by a thread: None

heap address: 0x00000000a0000000, size: 1536 MB, Compressed Oops mode: 32-bit
Narrow klass base: 0x0000000000000000, Narrow klass shift: 3
Compressed class space size: 1073741824 Address: 0x0000000100000000

Heap:
 PSYoungGen      total 157696K, used 52630K [0x00000000e0000000, 0x00000000ecd00000, 0x0000000100000000)
  eden space 141312K, 25% used [0x00000000e0000000,0x00000000e23c9a10,0x00000000e8a00000)
  from space 16384K, 97% used [0x00000000e8e00000,0x00000000e9d9c0b0,0x00000000e9e00000)
  to   space 34304K, 0% used [0x00000000eab80000,0x00000000eab80000,0x00000000ecd00000)
 ParOldGen       total 129024K, used 72921K [0x00000000a0000000, 0x00000000a7e00000, 0x00000000e0000000)
  object space 129024K, 56% used [0x00000000a0000000,0x00000000a4736698,0x00000000a7e00000)
 Metaspace       used 90033K, capacity 94702K, committed 94936K, reserved 1132544K
  class space    used 11412K, capacity 12242K, committed 12288K, reserved 1048576K

Card table byte_map: [0x00000000127d0000,0x0000000012ae0000] byte_map_base: 0x00000000122d0000

Marking Bits: (ParMarkBitMap*) 0x0000000054ed9f30
 Begin Bits: [0x00000000130e0000, 0x00000000148e0000)
 End Bits:   [0x00000000148e0000, 0x00000000160e0000)

Polling page: 0x0000000001d60000

CodeCache: size=245760Kb used=65845Kb max_used=65848Kb free=179915Kb
 bounds [0x0000000003410000, 0x00000000074c0000, 0x0000000012410000]
 total_blobs=18415 nmethods=17555 adapters=770
 compilation: enabled

Compilation events (10 events):
Event: 10620.354 Thread 0x00000000184e2800 22635       3       com.android.ide.common.xml.XmlPrettyPrinter::printCloseElementTag (110 bytes)
Event: 10620.361 Thread 0x00000000184e2800 nmethod 22635 0x00000000074b1210 code [0x00000000074b1580, 0x00000000074b32e8]
Event: 10620.361 Thread 0x00000000184e2800 22637       1       com.android.manifmerger.Actions$Record::getActionLocation (5 bytes)
Event: 10620.361 Thread 0x00000000184e2800 nmethod 22637 0x00000000074b4390 code [0x00000000074b44e0, 0x00000000074b45f0]
Event: 10620.460 Thread 0x00000000184e2800 22638       3       com.google.gson.internal.ConstructorConstructor::newDefaultImplementationConstructor (206 bytes)
Event: 10620.462 Thread 0x00000000184e2800 nmethod 22638 0x00000000074b4650 code [0x00000000074b49a0, 0x00000000074b60c8]
Event: 10620.541 Thread 0x00000000184e2800 22639       3       com.google.common.base.Preconditions::checkState (28 bytes)
Event: 10620.542 Thread 0x00000000184e2800 nmethod 22639 0x00000000074b6850 code [0x00000000074b69e0, 0x00000000074b6e48]
Event: 10620.725 Thread 0x00000000184e2800 22640       3       java.io.ObjectOutputStream::writeEnum (63 bytes)
Event: 10620.726 Thread 0x00000000184e2800 nmethod 22640 0x00000000074b7010 code [0x00000000074b7200, 0x00000000074b78d8]

GC Heap History (10 events):
Event: 9480.804 GC heap before
{Heap before GC invocations=28 (full 3):
 PSYoungGen      total 174592K, used 168998K [0x00000000e0000000, 0x00000000ec900000, 0x0000000100000000)
  eden space 150528K, 99% used [0x00000000e0000000,0x00000000e92e21c8,0x00000000e9300000)
  from space 24064K, 77% used [0x00000000eb180000,0x00000000ec3a79e8,0x00000000ec900000)
  to   space 27648K, 0% used [0x00000000e9300000,0x00000000e9300000,0x00000000eae00000)
 ParOldGen       total 129024K, used 63592K [0x00000000a0000000, 0x00000000a7e00000, 0x00000000e0000000)
  object space 129024K, 49% used [0x00000000a0000000,0x00000000a3e1a228,0x00000000a7e00000)
 Metaspace       used 89655K, capacity 94230K, committed 94424K, reserved 1132544K
  class space    used 11411K, capacity 12240K, committed 12288K, reserved 1048576K
Event: 9480.896 GC heap after
Heap after GC invocations=28 (full 3):
 PSYoungGen      total 178176K, used 27635K [0x00000000e0000000, 0x00000000ee300000, 0x0000000100000000)
  eden space 150528K, 0% used [0x00000000e0000000,0x00000000e0000000,0x00000000e9300000)
  from space 27648K, 99% used [0x00000000e9300000,0x00000000eadfcf88,0x00000000eae00000)
  to   space 34816K, 0% used [0x00000000ec100000,0x00000000ec100000,0x00000000ee300000)
 ParOldGen       total 129024K, used 72681K [0x00000000a0000000, 0x00000000a7e00000, 0x00000000e0000000)
  object space 129024K, 56% used [0x00000000a0000000,0x00000000a46fa688,0x00000000a7e00000)
 Metaspace       used 89655K, capacity 94230K, committed 94424K, reserved 1132544K
  class space    used 11411K, capacity 12240K, committed 12288K, reserved 1048576K
}
Event: 9680.159 GC heap before
{Heap before GC invocations=29 (full 3):
 PSYoungGen      total 178176K, used 178163K [0x00000000e0000000, 0x00000000ee300000, 0x0000000100000000)
  eden space 150528K, 100% used [0x00000000e0000000,0x00000000e9300000,0x00000000e9300000)
  from space 27648K, 99% used [0x00000000e9300000,0x00000000eadfcf88,0x00000000eae00000)
  to   space 34816K, 0% used [0x00000000ec100000,0x00000000ec100000,0x00000000ee300000)
 ParOldGen       total 129024K, used 72681K [0x00000000a0000000, 0x00000000a7e00000, 0x00000000e0000000)
  object space 129024K, 56% used [0x00000000a0000000,0x00000000a46fa688,0x00000000a7e00000)
 Metaspace       used 89768K, capacity 94422K, committed 94680K, reserved 1132544K
  class space    used 11411K, capacity 12240K, committed 12288K, reserved 1048576K
Event: 9680.238 GC heap after
Heap after GC invocations=29 (full 3):
 PSYoungGen      total 171008K, used 24966K [0x00000000e0000000, 0x00000000ed980000, 0x0000000100000000)
  eden space 145920K, 0% used [0x00000000e0000000,0x00000000e0000000,0x00000000e8e80000)
  from space 25088K, 99% used [0x00000000ec100000,0x00000000ed961890,0x00000000ed980000)
  to   space 36352K, 0% used [0x00000000e9280000,0x00000000e9280000,0x00000000eb600000)
 ParOldGen       total 129024K, used 72905K [0x00000000a0000000, 0x00000000a7e00000, 0x00000000e0000000)
  object space 129024K, 56% used [0x00000000a0000000,0x00000000a4732698,0x00000000a7e00000)
 Metaspace       used 89768K, capacity 94422K, committed 94680K, reserved 1132544K
  class space    used 11411K, capacity 12240K, committed 12288K, reserved 1048576K
}
Event: 9683.853 GC heap before
{Heap before GC invocations=30 (full 3):
 PSYoungGen      total 171008K, used 169249K [0x00000000e0000000, 0x00000000ed980000, 0x0000000100000000)
  eden space 145920K, 98% used [0x00000000e0000000,0x00000000e8ce6d00,0x00000000e8e80000)
  from space 25088K, 99% used [0x00000000ec100000,0x00000000ed961890,0x00000000ed980000)
  to   space 36352K, 0% used [0x00000000e9280000,0x00000000e9280000,0x00000000eb600000)
 ParOldGen       total 129024K, used 72905K [0x00000000a0000000, 0x00000000a7e00000, 0x00000000e0000000)
  object space 129024K, 56% used [0x00000000a0000000,0x00000000a4732698,0x00000000a7e00000)
 Metaspace       used 89821K, capacity 94422K, committed 94680K, reserved 1132544K
  class space    used 11411K, capacity 12240K, committed 12288K, reserved 1048576K
Event: 9683.935 GC heap after
Heap after GC invocations=30 (full 3):
 PSYoungGen      total 186368K, used 22305K [0x00000000e0000000, 0x00000000ee180000, 0x0000000100000000)
  eden space 150016K, 0% used [0x00000000e0000000,0x00000000e0000000,0x00000000e9280000)
  from space 36352K, 61% used [0x00000000e9280000,0x00000000ea8485b8,0x00000000eb600000)
  to   space 36352K, 0% used [0x00000000ebe00000,0x00000000ebe00000,0x00000000ee180000)
 ParOldGen       total 129024K, used 72913K [0x00000000a0000000, 0x00000000a7e00000, 0x00000000e0000000)
  object space 129024K, 56% used [0x00000000a0000000,0x00000000a4734698,0x00000000a7e00000)
 Metaspace       used 89821K, capacity 94422K, committed 94680K, reserved 1132544K
  class space    used 11411K, capacity 12240K, committed 12288K, reserved 1048576K
}
Event: 10070.114 GC heap before
{Heap before GC invocations=31 (full 3):
 PSYoungGen      total 186368K, used 172321K [0x00000000e0000000, 0x00000000ee180000, 0x0000000100000000)
  eden space 150016K, 100% used [0x00000000e0000000,0x00000000e9280000,0x00000000e9280000)
  from space 36352K, 61% used [0x00000000e9280000,0x00000000ea8485b8,0x00000000eb600000)
  to   space 36352K, 0% used [0x00000000ebe00000,0x00000000ebe00000,0x00000000ee180000)
 ParOldGen       total 129024K, used 72913K [0x00000000a0000000, 0x00000000a7e00000, 0x00000000e0000000)
  object space 129024K, 56% used [0x00000000a0000000,0x00000000a4734698,0x00000000a7e00000)
 Metaspace       used 89923K, capacity 94436K, committed 94680K, reserved 1132544K
  class space    used 11411K, capacity 12241K, committed 12288K, reserved 1048576K
Event: 10070.212 GC heap after
Heap after GC invocations=31 (full 3):
 PSYoungGen      total 166912K, used 20337K [0x00000000e0000000, 0x00000000ed300000, 0x0000000100000000)
  eden space 145408K, 0% used [0x00000000e0000000,0x00000000e0000000,0x00000000e8e00000)
  from space 21504K, 94% used [0x00000000ebe00000,0x00000000ed1dc548,0x00000000ed300000)
  to   space 35328K, 0% used [0x00000000e8e00000,0x00000000e8e00000,0x00000000eb080000)
 ParOldGen       total 129024K, used 72921K [0x00000000a0000000, 0x00000000a7e00000, 0x00000000e0000000)
  object space 129024K, 56% used [0x00000000a0000000,0x00000000a4736698,0x00000000a7e00000)
 Metaspace       used 89923K, capacity 94436K, committed 94680K, reserved 1132544K
  class space    used 11411K, capacity 12241K, committed 12288K, reserved 1048576K
}
Event: 10618.191 GC heap before
{Heap before GC invocations=32 (full 3):
 PSYoungGen      total 166912K, used 165745K [0x00000000e0000000, 0x00000000ed300000, 0x0000000100000000)
  eden space 145408K, 100% used [0x00000000e0000000,0x00000000e8e00000,0x00000000e8e00000)
  from space 21504K, 94% used [0x00000000ebe00000,0x00000000ed1dc548,0x00000000ed300000)
  to   space 35328K, 0% used [0x00000000e8e00000,0x00000000e8e00000,0x00000000eb080000)
 ParOldGen       total 129024K, used 72921K [0x00000000a0000000, 0x00000000a7e00000, 0x00000000e0000000)
  object space 129024K, 56% used [0x00000000a0000000,0x00000000a4736698,0x00000000a7e00000)
 Metaspace       used 89983K, capacity 94634K, committed 94680K, reserved 1132544K
  class space    used 11412K, capacity 12242K, committed 12288K, reserved 1048576K
Event: 10618.231 GC heap after
Heap after GC invocations=32 (full 3):
 PSYoungGen      total 157696K, used 15984K [0x00000000e0000000, 0x00000000ecd00000, 0x0000000100000000)
  eden space 141312K, 0% used [0x00000000e0000000,0x00000000e0000000,0x00000000e8a00000)
  from space 16384K, 97% used [0x00000000e8e00000,0x00000000e9d9c0b0,0x00000000e9e00000)
  to   space 34304K, 0% used [0x00000000eab80000,0x00000000eab80000,0x00000000ecd00000)
 ParOldGen       total 129024K, used 72921K [0x00000000a0000000, 0x00000000a7e00000, 0x00000000e0000000)
  object space 129024K, 56% used [0x00000000a0000000,0x00000000a4736698,0x00000000a7e00000)
 Metaspace       used 89983K, capacity 94634K, committed 94680K, reserved 1132544K
  class space    used 11412K, capacity 12242K, committed 12288K, reserved 1048576K
}

Deoptimization events (10 events):
Event: 9684.993 Thread 0x000000001f5d8800 Uncommon trap: reason=unstable_if action=reinterpret pc=0x000000000363f844 method=com.esotericsoftware.kryo.io.Output.writeVarLong(JZ)I @ 55
Event: 10068.865 Thread 0x000000001f5dd800 Uncommon trap: reason=array_check action=maybe_recompile pc=0x0000000007326968 method=java.util.ComparableTimSort.mergeHi(IIII)V @ 415
Event: 10068.865 Thread 0x000000001f5dd800 Uncommon trap: reason=array_check action=maybe_recompile pc=0x0000000007326968 method=java.util.ComparableTimSort.mergeHi(IIII)V @ 415
Event: 10069.364 Thread 0x000000001f5dd800 Uncommon trap: reason=bimorphic action=maybe_recompile pc=0x0000000006b8f2d8 method=com.sun.tools.javac.code.Types$SameTypeVisitor.visitArrayType(Lcom/sun/tools/javac/code/Type$ArrayType;Lcom/sun/tools/javac/code/Type;)Ljava/lang/Boolean; @ 11
Event: 10069.364 Thread 0x000000001f5dd800 Uncommon trap: reason=bimorphic action=maybe_recompile pc=0x0000000006b8f2d8 method=com.sun.tools.javac.code.Types$SameTypeVisitor.visitArrayType(Lcom/sun/tools/javac/code/Type$ArrayType;Lcom/sun/tools/javac/code/Type;)Ljava/lang/Boolean; @ 11
Event: 10069.364 Thread 0x000000001f5dd800 Uncommon trap: reason=bimorphic action=maybe_recompile pc=0x0000000006b8f2d8 method=com.sun.tools.javac.code.Types$SameTypeVisitor.visitArrayType(Lcom/sun/tools/javac/code/Type$ArrayType;Lcom/sun/tools/javac/code/Type;)Ljava/lang/Boolean; @ 11
Event: 10069.364 Thread 0x000000001f5dd800 Uncommon trap: reason=bimorphic action=maybe_recompile pc=0x0000000006b8f2d8 method=com.sun.tools.javac.code.Types$SameTypeVisitor.visitArrayType(Lcom/sun/tools/javac/code/Type$ArrayType;Lcom/sun/tools/javac/code/Type;)Ljava/lang/Boolean; @ 11
Event: 10069.364 Thread 0x000000001f5dd800 Uncommon trap: reason=bimorphic action=maybe_recompile pc=0x0000000006b8a460 method=com.sun.tools.javac.code.Types$SameTypeVisitor.visitArrayType(Lcom/sun/tools/javac/code/Type$ArrayType;Lcom/sun/tools/javac/code/Type;)Ljava/lang/Boolean; @ 11
Event: 10071.338 Thread 0x000000001f5e6000 Uncommon trap: reason=unstable_if action=reinterpret pc=0x00000000038087e8 method=java.math.MutableBigInteger.mul(ILjava/math/MutableBigInteger;)V @ 12
Event: 10620.276 Thread 0x000000001a39b800 Uncommon trap: reason=bimorphic action=maybe_recompile pc=0x0000000005a2b478 method=com.sun.org.apache.xerces.internal.dom.ElementImpl.getNodeName()Ljava/lang/String; @ 8

Classes redefined (0 events):
No events

Internal exceptions (10 events):
Event: 10069.968 Thread 0x000000001f5da800 Exception <a 'sun/nio/fs/WindowsException'> (0x00000000e8d81a50) thrown at [D:\src\AOSP-openjdk-cygwin\jdk8u\hotspot\src\share\vm\prims\jni.cpp, line 710]
Event: 10069.974 Thread 0x000000001f5da800 Exception <a 'sun/nio/fs/WindowsException'> (0x00000000e8d92958) thrown at [D:\src\AOSP-openjdk-cygwin\jdk8u\hotspot\src\share\vm\prims\jni.cpp, line 710]
Event: 10069.976 Thread 0x000000001f5da800 Exception <a 'sun/nio/fs/WindowsException'> (0x00000000e8d99528) thrown at [D:\src\AOSP-openjdk-cygwin\jdk8u\hotspot\src\share\vm\prims\jni.cpp, line 710]
Event: 10069.980 Thread 0x000000001f5da800 Exception <a 'sun/nio/fs/WindowsException'> (0x00000000e8ea0638) thrown at [D:\src\AOSP-openjdk-cygwin\jdk8u\hotspot\src\share\vm\prims\jni.cpp, line 710]
Event: 10069.983 Thread 0x000000001f5da800 Exception <a 'sun/nio/fs/WindowsException'> (0x00000000e8ea7008) thrown at [D:\src\AOSP-openjdk-cygwin\jdk8u\hotspot\src\share\vm\prims\jni.cpp, line 710]
Event: 10070.007 Thread 0x000000001f5da800 Exception <a 'sun/nio/fs/WindowsException'> (0x00000000e8eadbe0) thrown at [D:\src\AOSP-openjdk-cygwin\jdk8u\hotspot\src\share\vm\prims\jni.cpp, line 710]
Event: 10070.391 Thread 0x000000001f5d8800 Exception <a 'sun/nio/fs/WindowsException'> (0x00000000e05d6fe0) thrown at [D:\src\AOSP-openjdk-cygwin\jdk8u\hotspot\src\share\vm\prims\jni.cpp, line 710]
Event: 10071.105 Thread 0x000000001f5e0000 Exception <a 'sun/nio/fs/WindowsException'> (0x00000000e5cf4148) thrown at [D:\src\AOSP-openjdk-cygwin\jdk8u\hotspot\src\share\vm\prims\jni.cpp, line 710]
Event: 10071.456 Thread 0x000000001a398800 Exception <a 'sun/nio/fs/WindowsException'> (0x00000000e6ef4ab0) thrown at [D:\src\AOSP-openjdk-cygwin\jdk8u\hotspot\src\share\vm\prims\jni.cpp, line 710]
Event: 10617.970 Thread 0x000000001f5dc000 Exception <a 'sun/nio/fs/WindowsException'> (0x00000000e7f8b940) thrown at [D:\src\AOSP-openjdk-cygwin\jdk8u\hotspot\src\share\vm\prims\jni.cpp, line 710]

Events (10 events):
Event: 10620.656 Executing VM operation: RevokeBias done
Event: 10620.718 Executing VM operation: RevokeBias
Event: 10620.718 Executing VM operation: RevokeBias done
Event: 10620.724 Executing VM operation: BulkRevokeBias
Event: 10620.725 Executing VM operation: BulkRevokeBias done
Event: 10620.727 Thread 0x00000000184e2800 flushing nmethod 0x000000000363f190
Event: 10620.731 Thread 0x000000001a397000 Thread added: 0x000000001a397000
Event: 10620.732 Thread 0x000000001a39c800 Thread added: 0x000000001a39c800
Event: 10620.767 Executing VM operation: RevokeBias
Event: 10620.770 Executing VM operation: RevokeBias done


Dynamic libraries:
0x00007ff64f300000 - 0x00007ff64f331000 	C:\Program Files\Android\Android Studio\jre\bin\java.exe
0x00007ffa3a100000 - 0x00007ffa3a2f0000 	C:\WINDOWS\SYSTEM32\ntdll.dll
0x00007ffa388c0000 - 0x00007ffa38972000 	C:\WINDOWS\System32\KERNEL32.DLL
0x00007ffa37c00000 - 0x00007ffa37ea3000 	C:\WINDOWS\System32\KERNELBASE.dll
0x00007ffa38210000 - 0x00007ffa382b3000 	C:\WINDOWS\System32\ADVAPI32.dll
0x00007ffa39220000 - 0x00007ffa392be000 	C:\WINDOWS\System32\msvcrt.dll
0x00007ffa39890000 - 0x00007ffa39927000 	C:\WINDOWS\System32\sechost.dll
0x00007ffa39e60000 - 0x00007ffa39f80000 	C:\WINDOWS\System32\RPCRT4.dll
0x00007ffa38990000 - 0x00007ffa38b24000 	C:\WINDOWS\System32\USER32.dll
0x00007ffa37eb0000 - 0x00007ffa37ed1000 	C:\WINDOWS\System32\win32u.dll
0x00007ffa39650000 - 0x00007ffa39676000 	C:\WINDOWS\System32\GDI32.dll
0x00007ffa37170000 - 0x00007ffa37304000 	C:\WINDOWS\System32\gdi32full.dll
0x00007ffa37310000 - 0x00007ffa373ae000 	C:\WINDOWS\System32\msvcp_win.dll
0x00007ffa37ee0000 - 0x00007ffa37fda000 	C:\WINDOWS\System32\ucrtbase.dll
0x00007ffa28e20000 - 0x00007ffa290a5000 	C:\WINDOWS\WinSxS\amd64_microsoft.windows.common-controls_6595b64144ccf1df_6.0.18362.535_none_e6c3b34713100821\COMCTL32.dll
0x00007ffa39ab0000 - 0x00007ffa39de6000 	C:\WINDOWS\System32\combase.dll
0x00007ffa370f0000 - 0x00007ffa37170000 	C:\WINDOWS\System32\bcryptPrimitives.dll
0x00007ffa397e0000 - 0x00007ffa3980e000 	C:\WINDOWS\System32\IMM32.DLL
0x0000000054550000 - 0x0000000054622000 	C:\Program Files\Android\Android Studio\jre\jre\bin\msvcr100.dll
0x0000000054710000 - 0x0000000054f56000 	C:\Program Files\Android\Android Studio\jre\jre\bin\server\jvm.dll
0x00007ffa38980000 - 0x00007ffa38988000 	C:\WINDOWS\System32\PSAPI.DLL
0x00007ffa31d10000 - 0x00007ffa31d19000 	C:\WINDOWS\SYSTEM32\WSOCK32.dll
0x00007ffa39df0000 - 0x00007ffa39e5f000 	C:\WINDOWS\System32\WS2_32.dll
0x00007ffa31420000 - 0x00007ffa31444000 	C:\WINDOWS\SYSTEM32\WINMM.dll
0x00007ffa2d710000 - 0x00007ffa2d71a000 	C:\WINDOWS\SYSTEM32\VERSION.dll
0x00007ffa313d0000 - 0x00007ffa313fd000 	C:\WINDOWS\SYSTEM32\WINMMBASE.dll
0x00007ffa37fe0000 - 0x00007ffa3802a000 	C:\WINDOWS\System32\cfgmgr32.dll
0x00007ffa31ad0000 - 0x00007ffa31adf000 	C:\Program Files\Android\Android Studio\jre\jre\bin\verify.dll
0x00007ffa2af20000 - 0x00007ffa2af49000 	C:\Program Files\Android\Android Studio\jre\jre\bin\java.dll
0x00007ffa2c250000 - 0x00007ffa2c266000 	C:\Program Files\Android\Android Studio\jre\jre\bin\zip.dll
0x00007ffa38b30000 - 0x00007ffa39215000 	C:\WINDOWS\System32\SHELL32.dll
0x00007ffa38730000 - 0x00007ffa387d9000 	C:\WINDOWS\System32\shcore.dll
0x00007ffa373d0000 - 0x00007ffa37b4f000 	C:\WINDOWS\System32\windows.storage.dll
0x00007ffa370d0000 - 0x00007ffa370ef000 	C:\WINDOWS\System32\profapi.dll
0x00007ffa37080000 - 0x00007ffa370ca000 	C:\WINDOWS\System32\powrprof.dll
0x00007ffa37030000 - 0x00007ffa37040000 	C:\WINDOWS\System32\UMPDC.dll
0x00007ffa39810000 - 0x00007ffa39862000 	C:\WINDOWS\System32\shlwapi.dll
0x00007ffa37040000 - 0x00007ffa37051000 	C:\WINDOWS\System32\kernel.appcore.dll
0x00007ffa373b0000 - 0x00007ffa373c7000 	C:\WINDOWS\System32\cryptsp.dll
0x00007ffa28550000 - 0x00007ffa2856a000 	C:\Program Files\Android\Android Studio\jre\jre\bin\net.dll
0x00007ffa368a0000 - 0x00007ffa36907000 	C:\WINDOWS\system32\mswsock.dll
0x00007ffa31770000 - 0x00007ffa31781000 	C:\Program Files\Android\Android Studio\jre\jre\bin\nio.dll
0x00007ffa28300000 - 0x00007ffa28326000 	C:\Users\Admin\.gradle\native\29\windows-amd64\native-platform.dll
0x00007ffa314c0000 - 0x00007ffa314cd000 	C:\Program Files\Android\Android Studio\jre\jre\bin\management.dll
0x00007ffa36410000 - 0x00007ffa36443000 	C:\WINDOWS\system32\rsaenh.dll
0x00007ffa38030000 - 0x00007ffa38056000 	C:\WINDOWS\System32\bcrypt.dll
0x00007ffa36f50000 - 0x00007ffa36f75000 	C:\WINDOWS\SYSTEM32\USERENV.dll
0x00007ffa36a70000 - 0x00007ffa36a7c000 	C:\WINDOWS\SYSTEM32\CRYPTBASE.dll
0x00007ffa365b0000 - 0x00007ffa365ea000 	C:\WINDOWS\SYSTEM32\IPHLPAPI.DLL
0x00007ffa388b0000 - 0x00007ffa388b8000 	C:\WINDOWS\System32\NSI.dll
0x00007ffa2f0f0000 - 0x00007ffa2f106000 	C:\WINDOWS\SYSTEM32\dhcpcsvc6.DLL
0x00007ffa2e870000 - 0x00007ffa2e88c000 	C:\WINDOWS\SYSTEM32\dhcpcsvc.DLL
0x00007ffa365f0000 - 0x00007ffa366ba000 	C:\WINDOWS\SYSTEM32\DNSAPI.dll

VM Arguments:
jvm_args: -Xmx1536m -Dfile.encoding=windows-1252 -Duser.country=US -Duser.language=en -Duser.variant 
java_command: org.gradle.launcher.daemon.bootstrap.GradleDaemon 5.4.1
java_class_path (initial): C:\Users\Admin\.gradle\wrapper\dists\gradle-5.4.1-all\3221gyojl5jsh0helicew7rwx\gradle-5.4.1\lib\gradle-launcher-5.4.1.jar
Launcher Type: SUN_STANDARD

Environment Variables:
JAVA_HOME=C:\Program Files\Java\jdk1.8.0_172
PATH=C:\Python27\;C:\Python27\Scripts;C:\Program Files (x86)\Common Files\Oracle\Java\javapath;C:\WINDOWS\system32;C:\WINDOWS;C:\WINDOWS\System32\Wbem;C:\WINDOWS\System32\WindowsPowerShell\v1.0\;C:\ProgramData\chocolatey\bin;C:\Program Files\nodejs\;C:\Program Files\Git\cmd;C:\WINDOWS\System32\OpenSSH\;C:\Program Files (x86)\Intel\Intel(R) Management Engine Components\DAL;C:\Program Files\Intel\Intel(R) Management Engine Components\DAL;C:\Users\Admin\AppData\Local\Android\Sdk\tools;C:\gradle-6.0.1\bin;C:\Users\Admin\AppData\Local\Microsoft\WindowsApps;C:\Users\Admin\AppData\Roaming\npm;C:\Users\Admin\AppData\Local\Programs\Microsoft VS Code\bin;C:\Users\Admin\AppData\Local\Microsoft\WindowsApps
USERNAME=Admin
OS=Windows_NT
PROCESSOR_IDENTIFIER=Intel64 Family 6 Model 61 Stepping 4, GenuineIntel



---------------  S Y S T E M  ---------------

OS: Windows 10.0 , 64 bit Build 18362 (10.0.18362.329)

CPU:total 4 (initial active 4) (2 cores per cpu, 2 threads per core) family 6 model 61 stepping 4, cmov, cx8, fxsr, mmx, sse, sse2, sse3, ssse3, sse4.1, sse4.2, popcnt, avx, avx2, aes, clmul, erms, 3dnowpref, lzcnt, ht, tsc, tscinvbit, bmi1, bmi2, adx

Memory: 4k page, physical 8307120k(495288k free), swap 8307120k(6108k free)

vm_info: OpenJDK 64-Bit Server VM (25.202-b03) for windows-amd64 JRE (1.8.0_202-release-1483-b03), built by "builder" with MS VC++ 10.0 (VS2010)

time: Tue Jan 14 21:08:44 2020
timezone: SA Pacific Standard Time
elapsed time: 10620 seconds (0d 2h 57m 0s)

